{"C:\\Users\\shaht\\OneDrive\\Desktop\\placements\\crickheros\\backend\\controllers\\matchController.js": {"path":"C:\\Users\\shaht\\OneDrive\\Desktop\\placements\\crickheros\\backend\\controllers\\matchController.js","statementMap":{"0":{"start":{"line":1,"column":25},"end":{"line":1,"column":57}},"1":{"start":{"line":4,"column":23},"end":{"line":13,"column":1}},"2":{"start":{"line":5,"column":2},"end":{"line":5,"column":45}},"3":{"start":{"line":5,"column":33},"end":{"line":5,"column":45}},"4":{"start":{"line":6,"column":2},"end":{"line":11,"column":3}},"5":{"start":{"line":7,"column":18},"end":{"line":7,"column":45}},"6":{"start":{"line":8,"column":23},"end":{"line":8,"column":46}},"7":{"start":{"line":9,"column":18},"end":{"line":9,"column":41}},"8":{"start":{"line":10,"column":4},"end":{"line":10,"column":35}},"9":{"start":{"line":12,"column":2},"end":{"line":12,"column":10}},"10":{"start":{"line":16,"column":23},"end":{"line":23,"column":1}},"11":{"start":{"line":17,"column":16},"end":{"line":17,"column":35}},"12":{"start":{"line":18,"column":16},"end":{"line":18,"column":49}},"13":{"start":{"line":19,"column":2},"end":{"line":21,"column":3}},"14":{"start":{"line":20,"column":4},"end":{"line":20,"column":27}},"15":{"start":{"line":22,"column":2},"end":{"line":22,"column":28}},"16":{"start":{"line":26,"column":21},"end":{"line":37,"column":1}},"17":{"start":{"line":27,"column":26},"end":{"line":27,"column":50}},"18":{"start":{"line":28,"column":30},"end":{"line":28,"column":58}},"19":{"start":{"line":30,"column":2},"end":{"line":32,"column":3}},"20":{"start":{"line":31,"column":4},"end":{"line":31,"column":12}},"21":{"start":{"line":34,"column":21},"end":{"line":34,"column":46}},"22":{"start":{"line":35,"column":25},"end":{"line":35,"column":58}},"23":{"start":{"line":36,"column":2},"end":{"line":36,"column":36}},"24":{"start":{"line":40,"column":26},"end":{"line":46,"column":1}},"25":{"start":{"line":41,"column":22},"end":{"line":44,"column":4}},"26":{"start":{"line":42,"column":4},"end":{"line":42,"column":57}},"27":{"start":{"line":42,"column":31},"end":{"line":42,"column":57}},"28":{"start":{"line":43,"column":4},"end":{"line":43,"column":24}},"29":{"start":{"line":45,"column":2},"end":{"line":45,"column":42}},"30":{"start":{"line":49,"column":39},"end":{"line":121,"column":1}},"31":{"start":{"line":51,"column":21},"end":{"line":51,"column":67}},"32":{"start":{"line":52,"column":2},"end":{"line":57,"column":3}},"33":{"start":{"line":53,"column":4},"end":{"line":56,"column":5}},"34":{"start":{"line":60,"column":20},"end":{"line":60,"column":34}},"35":{"start":{"line":63,"column":21},"end":{"line":63,"column":54}},"36":{"start":{"line":64,"column":22},"end":{"line":64,"column":72}},"37":{"start":{"line":67,"column":24},"end":{"line":67,"column":28}},"38":{"start":{"line":68,"column":24},"end":{"line":68,"column":28}},"39":{"start":{"line":69,"column":15},"end":{"line":69,"column":19}},"40":{"start":{"line":70,"column":15},"end":{"line":70,"column":19}},"41":{"start":{"line":73,"column":2},"end":{"line":92,"column":3}},"42":{"start":{"line":73,"column":21},"end":{"line":73,"column":22}},"43":{"start":{"line":74,"column":27},"end":{"line":74,"column":61}},"44":{"start":{"line":75,"column":28},"end":{"line":75,"column":82}},"45":{"start":{"line":77,"column":19},"end":{"line":82,"column":5}},"46":{"start":{"line":84,"column":4},"end":{"line":91,"column":5}},"47":{"start":{"line":85,"column":6},"end":{"line":88,"column":7}},"48":{"start":{"line":86,"column":8},"end":{"line":86,"column":33}},"49":{"start":{"line":87,"column":8},"end":{"line":87,"column":23}},"50":{"start":{"line":89,"column":6},"end":{"line":89,"column":31}},"51":{"start":{"line":90,"column":6},"end":{"line":90,"column":21}},"52":{"start":{"line":94,"column":2},"end":{"line":111,"column":3}},"53":{"start":{"line":96,"column":24},"end":{"line":101,"column":5}},"54":{"start":{"line":103,"column":4},"end":{"line":110,"column":5}},"55":{"start":{"line":113,"column":2},"end":{"line":120,"column":3}},"56":{"start":{"line":124,"column":39},"end":{"line":197,"column":1}},"57":{"start":{"line":126,"column":21},"end":{"line":126,"column":67}},"58":{"start":{"line":127,"column":2},"end":{"line":132,"column":3}},"59":{"start":{"line":128,"column":4},"end":{"line":131,"column":5}},"60":{"start":{"line":134,"column":20},"end":{"line":134,"column":34}},"61":{"start":{"line":137,"column":22},"end":{"line":137,"column":36}},"62":{"start":{"line":138,"column":21},"end":{"line":138,"column":55}},"63":{"start":{"line":139,"column":25},"end":{"line":139,"column":62}},"64":{"start":{"line":140,"column":26},"end":{"line":140,"column":80}},"65":{"start":{"line":143,"column":17},"end":{"line":143,"column":21}},"66":{"start":{"line":144,"column":17},"end":{"line":144,"column":21}},"67":{"start":{"line":145,"column":15},"end":{"line":145,"column":19}},"68":{"start":{"line":146,"column":15},"end":{"line":146,"column":19}},"69":{"start":{"line":149,"column":2},"end":{"line":168,"column":3}},"70":{"start":{"line":149,"column":19},"end":{"line":149,"column":20}},"71":{"start":{"line":150,"column":18},"end":{"line":150,"column":27}},"72":{"start":{"line":151,"column":24},"end":{"line":151,"column":69}},"73":{"start":{"line":153,"column":19},"end":{"line":158,"column":5}},"74":{"start":{"line":160,"column":4},"end":{"line":167,"column":5}},"75":{"start":{"line":161,"column":6},"end":{"line":164,"column":7}},"76":{"start":{"line":162,"column":8},"end":{"line":162,"column":24}},"77":{"start":{"line":163,"column":8},"end":{"line":163,"column":23}},"78":{"start":{"line":165,"column":6},"end":{"line":165,"column":22}},"79":{"start":{"line":166,"column":6},"end":{"line":166,"column":21}},"80":{"start":{"line":170,"column":2},"end":{"line":187,"column":3}},"81":{"start":{"line":172,"column":24},"end":{"line":177,"column":5}},"82":{"start":{"line":179,"column":4},"end":{"line":186,"column":5}},"83":{"start":{"line":189,"column":2},"end":{"line":196,"column":3}},"84":{"start":{"line":200,"column":30},"end":{"line":366,"column":1}},"85":{"start":{"line":201,"column":2},"end":{"line":365,"column":3}},"86":{"start":{"line":202,"column":83},"end":{"line":202,"column":91}},"87":{"start":{"line":205,"column":4},"end":{"line":209,"column":5}},"88":{"start":{"line":206,"column":20},"end":{"line":206,"column":56}},"89":{"start":{"line":207,"column":6},"end":{"line":207,"column":28}},"90":{"start":{"line":208,"column":6},"end":{"line":208,"column":17}},"91":{"start":{"line":212,"column":24},"end":{"line":212,"column":49}},"92":{"start":{"line":215,"column":25},"end":{"line":215,"column":67}},"93":{"start":{"line":215,"column":47},"end":{"line":215,"column":66}},"94":{"start":{"line":216,"column":24},"end":{"line":216,"column":72}},"95":{"start":{"line":216,"column":46},"end":{"line":216,"column":71}},"96":{"start":{"line":218,"column":4},"end":{"line":222,"column":5}},"97":{"start":{"line":219,"column":20},"end":{"line":219,"column":77}},"98":{"start":{"line":220,"column":6},"end":{"line":220,"column":28}},"99":{"start":{"line":221,"column":6},"end":{"line":221,"column":17}},"100":{"start":{"line":224,"column":4},"end":{"line":228,"column":5}},"101":{"start":{"line":225,"column":20},"end":{"line":225,"column":83}},"102":{"start":{"line":226,"column":6},"end":{"line":226,"column":28}},"103":{"start":{"line":227,"column":6},"end":{"line":227,"column":17}},"104":{"start":{"line":231,"column":28},"end":{"line":231,"column":49}},"105":{"start":{"line":232,"column":23},"end":{"line":232,"column":48}},"106":{"start":{"line":235,"column":23},"end":{"line":235,"column":65}},"107":{"start":{"line":239,"column":27},"end":{"line":239,"column":50}},"108":{"start":{"line":240,"column":25},"end":{"line":240,"column":59}},"109":{"start":{"line":244,"column":4},"end":{"line":272,"column":5}},"110":{"start":{"line":245,"column":6},"end":{"line":271,"column":8}},"111":{"start":{"line":275,"column":17},"end":{"line":289,"column":5}},"112":{"start":{"line":291,"column":4},"end":{"line":355,"column":5}},"113":{"start":{"line":292,"column":24},"end":{"line":298,"column":7}},"114":{"start":{"line":300,"column":6},"end":{"line":304,"column":7}},"115":{"start":{"line":301,"column":22},"end":{"line":301,"column":50}},"116":{"start":{"line":302,"column":8},"end":{"line":302,"column":30}},"117":{"start":{"line":303,"column":8},"end":{"line":303,"column":19}},"118":{"start":{"line":306,"column":6},"end":{"line":322,"column":7}},"119":{"start":{"line":324,"column":24},"end":{"line":330,"column":7}},"120":{"start":{"line":332,"column":6},"end":{"line":336,"column":7}},"121":{"start":{"line":333,"column":22},"end":{"line":333,"column":50}},"122":{"start":{"line":334,"column":8},"end":{"line":334,"column":30}},"123":{"start":{"line":335,"column":8},"end":{"line":335,"column":19}},"124":{"start":{"line":338,"column":6},"end":{"line":354,"column":7}},"125":{"start":{"line":357,"column":4},"end":{"line":361,"column":6}},"126":{"start":{"line":364,"column":4},"end":{"line":364,"column":15}},"127":{"start":{"line":368,"column":0},"end":{"line":370,"column":1}}},"fnMap":{"0":{"name":"(anonymous_0)","decl":{"start":{"line":4,"column":23},"end":{"line":4,"column":24}},"loc":{"start":{"line":4,"column":34},"end":{"line":13,"column":1}},"line":4},"1":{"name":"(anonymous_1)","decl":{"start":{"line":16,"column":23},"end":{"line":16,"column":24}},"loc":{"start":{"line":16,"column":36},"end":{"line":23,"column":1}},"line":16},"2":{"name":"(anonymous_2)","decl":{"start":{"line":26,"column":21},"end":{"line":26,"column":22}},"loc":{"start":{"line":26,"column":71},"end":{"line":37,"column":1}},"line":26},"3":{"name":"(anonymous_3)","decl":{"start":{"line":40,"column":26},"end":{"line":40,"column":27}},"loc":{"start":{"line":40,"column":53},"end":{"line":46,"column":1}},"line":40},"4":{"name":"(anonymous_4)","decl":{"start":{"line":41,"column":44},"end":{"line":41,"column":45}},"loc":{"start":{"line":41,"column":54},"end":{"line":44,"column":3}},"line":41},"5":{"name":"(anonymous_5)","decl":{"start":{"line":49,"column":39},"end":{"line":49,"column":40}},"loc":{"start":{"line":49,"column":110},"end":{"line":121,"column":1}},"line":49},"6":{"name":"(anonymous_6)","decl":{"start":{"line":124,"column":39},"end":{"line":124,"column":40}},"loc":{"start":{"line":124,"column":110},"end":{"line":197,"column":1}},"line":124},"7":{"name":"(anonymous_7)","decl":{"start":{"line":200,"column":30},"end":{"line":200,"column":31}},"loc":{"start":{"line":200,"column":56},"end":{"line":366,"column":1}},"line":200},"8":{"name":"(anonymous_8)","decl":{"start":{"line":215,"column":42},"end":{"line":215,"column":43}},"loc":{"start":{"line":215,"column":47},"end":{"line":215,"column":66}},"line":215},"9":{"name":"(anonymous_9)","decl":{"start":{"line":216,"column":41},"end":{"line":216,"column":42}},"loc":{"start":{"line":216,"column":46},"end":{"line":216,"column":71}},"line":216}},"branchMap":{"0":{"loc":{"start":{"line":5,"column":2},"end":{"line":5,"column":45}},"type":"if","locations":[{"start":{"line":5,"column":2},"end":{"line":5,"column":45}},{"start":{},"end":{}}],"line":5},"1":{"loc":{"start":{"line":6,"column":2},"end":{"line":11,"column":3}},"type":"if","locations":[{"start":{"line":6,"column":2},"end":{"line":11,"column":3}},{"start":{},"end":{}}],"line":6},"2":{"loc":{"start":{"line":8,"column":23},"end":{"line":8,"column":46}},"type":"binary-expr","locations":[{"start":{"line":8,"column":23},"end":{"line":8,"column":41}},{"start":{"line":8,"column":45},"end":{"line":8,"column":46}}],"line":8},"3":{"loc":{"start":{"line":9,"column":18},"end":{"line":9,"column":41}},"type":"binary-expr","locations":[{"start":{"line":9,"column":18},"end":{"line":9,"column":36}},{"start":{"line":9,"column":40},"end":{"line":9,"column":41}}],"line":9},"4":{"loc":{"start":{"line":19,"column":2},"end":{"line":21,"column":3}},"type":"if","locations":[{"start":{"line":19,"column":2},"end":{"line":21,"column":3}},{"start":{},"end":{}}],"line":19},"5":{"loc":{"start":{"line":30,"column":2},"end":{"line":32,"column":3}},"type":"if","locations":[{"start":{"line":30,"column":2},"end":{"line":32,"column":3}},{"start":{},"end":{}}],"line":30},"6":{"loc":{"start":{"line":30,"column":6},"end":{"line":30,"column":56}},"type":"binary-expr","locations":[{"start":{"line":30,"column":6},"end":{"line":30,"column":27}},{"start":{"line":30,"column":31},"end":{"line":30,"column":56}}],"line":30},"7":{"loc":{"start":{"line":42,"column":4},"end":{"line":42,"column":57}},"type":"if","locations":[{"start":{"line":42,"column":4},"end":{"line":42,"column":57}},{"start":{},"end":{}}],"line":42},"8":{"loc":{"start":{"line":45,"column":9},"end":{"line":45,"column":42}},"type":"binary-expr","locations":[{"start":{"line":45,"column":9},"end":{"line":45,"column":34}},{"start":{"line":45,"column":38},"end":{"line":45,"column":42}}],"line":45},"9":{"loc":{"start":{"line":52,"column":2},"end":{"line":57,"column":3}},"type":"if","locations":[{"start":{"line":52,"column":2},"end":{"line":57,"column":3}},{"start":{},"end":{}}],"line":52},"10":{"loc":{"start":{"line":84,"column":4},"end":{"line":91,"column":5}},"type":"if","locations":[{"start":{"line":84,"column":4},"end":{"line":91,"column":5}},{"start":{},"end":{}}],"line":84},"11":{"loc":{"start":{"line":85,"column":6},"end":{"line":88,"column":7}},"type":"if","locations":[{"start":{"line":85,"column":6},"end":{"line":88,"column":7}},{"start":{},"end":{}}],"line":85},"12":{"loc":{"start":{"line":94,"column":2},"end":{"line":111,"column":3}},"type":"if","locations":[{"start":{"line":94,"column":2},"end":{"line":111,"column":3}},{"start":{},"end":{}}],"line":94},"13":{"loc":{"start":{"line":127,"column":2},"end":{"line":132,"column":3}},"type":"if","locations":[{"start":{"line":127,"column":2},"end":{"line":132,"column":3}},{"start":{},"end":{}}],"line":127},"14":{"loc":{"start":{"line":160,"column":4},"end":{"line":167,"column":5}},"type":"if","locations":[{"start":{"line":160,"column":4},"end":{"line":167,"column":5}},{"start":{},"end":{}}],"line":160},"15":{"loc":{"start":{"line":161,"column":6},"end":{"line":164,"column":7}},"type":"if","locations":[{"start":{"line":161,"column":6},"end":{"line":164,"column":7}},{"start":{},"end":{}}],"line":161},"16":{"loc":{"start":{"line":170,"column":2},"end":{"line":187,"column":3}},"type":"if","locations":[{"start":{"line":170,"column":2},"end":{"line":187,"column":3}},{"start":{},"end":{}}],"line":170},"17":{"loc":{"start":{"line":205,"column":4},"end":{"line":209,"column":5}},"type":"if","locations":[{"start":{"line":205,"column":4},"end":{"line":209,"column":5}},{"start":{},"end":{}}],"line":205},"18":{"loc":{"start":{"line":205,"column":8},"end":{"line":205,"column":103}},"type":"binary-expr","locations":[{"start":{"line":205,"column":8},"end":{"line":205,"column":17}},{"start":{"line":205,"column":21},"end":{"line":205,"column":36}},{"start":{"line":205,"column":40},"end":{"line":205,"column":46}},{"start":{"line":205,"column":50},"end":{"line":205,"column":66}},{"start":{"line":205,"column":70},"end":{"line":205,"column":81}},{"start":{"line":205,"column":85},"end":{"line":205,"column":103}}],"line":205},"19":{"loc":{"start":{"line":218,"column":4},"end":{"line":222,"column":5}},"type":"if","locations":[{"start":{"line":218,"column":4},"end":{"line":222,"column":5}},{"start":{},"end":{}}],"line":218},"20":{"loc":{"start":{"line":224,"column":4},"end":{"line":228,"column":5}},"type":"if","locations":[{"start":{"line":224,"column":4},"end":{"line":228,"column":5}},{"start":{},"end":{}}],"line":224},"21":{"loc":{"start":{"line":240,"column":25},"end":{"line":240,"column":59}},"type":"cond-expr","locations":[{"start":{"line":240,"column":38},"end":{"line":240,"column":55}},{"start":{"line":240,"column":58},"end":{"line":240,"column":59}}],"line":240},"22":{"loc":{"start":{"line":244,"column":4},"end":{"line":272,"column":5}},"type":"if","locations":[{"start":{"line":244,"column":4},"end":{"line":272,"column":5}},{"start":{},"end":{}}],"line":244},"23":{"loc":{"start":{"line":255,"column":22},"end":{"line":255,"column":58}},"type":"cond-expr","locations":[{"start":{"line":255,"column":35},"end":{"line":255,"column":50}},{"start":{"line":255,"column":53},"end":{"line":255,"column":58}}],"line":255},"24":{"loc":{"start":{"line":256,"column":21},"end":{"line":256,"column":67}},"type":"cond-expr","locations":[{"start":{"line":256,"column":34},"end":{"line":256,"column":59}},{"start":{"line":256,"column":62},"end":{"line":256,"column":67}}],"line":256},"25":{"loc":{"start":{"line":257,"column":24},"end":{"line":257,"column":62}},"type":"cond-expr","locations":[{"start":{"line":257,"column":37},"end":{"line":257,"column":54}},{"start":{"line":257,"column":57},"end":{"line":257,"column":62}}],"line":257},"26":{"loc":{"start":{"line":261,"column":18},"end":{"line":261,"column":84}},"type":"cond-expr","locations":[{"start":{"line":261,"column":51},"end":{"line":261,"column":66}},{"start":{"line":261,"column":69},"end":{"line":261,"column":84}}],"line":261},"27":{"loc":{"start":{"line":263,"column":110},"end":{"line":263,"column":151}},"type":"cond-expr","locations":[{"start":{"line":263,"column":123},"end":{"line":263,"column":138}},{"start":{"line":263,"column":141},"end":{"line":263,"column":151}}],"line":263},"28":{"loc":{"start":{"line":264,"column":118},"end":{"line":264,"column":159}},"type":"cond-expr","locations":[{"start":{"line":264,"column":131},"end":{"line":264,"column":146}},{"start":{"line":264,"column":149},"end":{"line":264,"column":159}}],"line":264},"29":{"loc":{"start":{"line":284,"column":18},"end":{"line":284,"column":54}},"type":"cond-expr","locations":[{"start":{"line":284,"column":31},"end":{"line":284,"column":46}},{"start":{"line":284,"column":49},"end":{"line":284,"column":54}}],"line":284},"30":{"loc":{"start":{"line":285,"column":17},"end":{"line":285,"column":63}},"type":"cond-expr","locations":[{"start":{"line":285,"column":30},"end":{"line":285,"column":55}},{"start":{"line":285,"column":58},"end":{"line":285,"column":63}}],"line":285},"31":{"loc":{"start":{"line":286,"column":20},"end":{"line":286,"column":58}},"type":"cond-expr","locations":[{"start":{"line":286,"column":33},"end":{"line":286,"column":50}},{"start":{"line":286,"column":53},"end":{"line":286,"column":58}}],"line":286},"32":{"loc":{"start":{"line":291,"column":4},"end":{"line":355,"column":5}},"type":"if","locations":[{"start":{"line":291,"column":4},"end":{"line":355,"column":5}},{"start":{"line":323,"column":11},"end":{"line":355,"column":5}}],"line":291},"33":{"loc":{"start":{"line":300,"column":6},"end":{"line":304,"column":7}},"type":"if","locations":[{"start":{"line":300,"column":6},"end":{"line":304,"column":7}},{"start":{},"end":{}}],"line":300},"34":{"loc":{"start":{"line":318,"column":17},"end":{"line":318,"column":42}},"type":"binary-expr","locations":[{"start":{"line":318,"column":17},"end":{"line":318,"column":34}},{"start":{"line":318,"column":38},"end":{"line":318,"column":42}}],"line":318},"35":{"loc":{"start":{"line":319,"column":25},"end":{"line":321,"column":29}},"type":"cond-expr","locations":[{"start":{"line":320,"column":12},"end":{"line":320,"column":279}},{"start":{"line":321,"column":12},"end":{"line":321,"column":29}}],"line":319},"36":{"loc":{"start":{"line":332,"column":6},"end":{"line":336,"column":7}},"type":"if","locations":[{"start":{"line":332,"column":6},"end":{"line":336,"column":7}},{"start":{},"end":{}}],"line":332},"37":{"loc":{"start":{"line":350,"column":17},"end":{"line":350,"column":42}},"type":"binary-expr","locations":[{"start":{"line":350,"column":17},"end":{"line":350,"column":34}},{"start":{"line":350,"column":38},"end":{"line":350,"column":42}}],"line":350},"38":{"loc":{"start":{"line":351,"column":25},"end":{"line":353,"column":29}},"type":"cond-expr","locations":[{"start":{"line":352,"column":12},"end":{"line":352,"column":218}},{"start":{"line":353,"column":12},"end":{"line":353,"column":29}}],"line":351}},"s":{"0":1,"1":1,"2":1444,"3":960,"4":484,"5":484,"6":484,"7":484,"8":484,"9":0,"10":1,"11":2,"12":2,"13":2,"14":0,"15":2,"16":1,"17":480,"18":480,"19":480,"20":0,"21":480,"22":480,"23":480,"24":1,"25":11,"26":220,"27":165,"28":55,"29":11,"30":1,"31":3,"32":3,"33":0,"34":3,"35":3,"36":3,"37":3,"38":3,"39":3,"40":3,"41":3,"42":3,"43":360,"44":360,"45":360,"46":360,"47":339,"48":3,"49":3,"50":339,"51":339,"52":3,"53":0,"54":0,"55":3,"56":1,"57":1,"58":1,"59":0,"60":1,"61":1,"62":1,"63":1,"64":1,"65":1,"66":1,"67":1,"68":1,"69":1,"70":1,"71":120,"72":120,"73":120,"74":120,"75":115,"76":1,"77":1,"78":115,"79":115,"80":1,"81":0,"82":0,"83":1,"84":1,"85":9,"86":9,"87":9,"88":1,"89":1,"90":1,"91":8,"92":8,"93":47,"94":8,"95":39,"96":8,"97":1,"98":1,"99":1,"100":7,"101":0,"102":0,"103":0,"104":7,"105":7,"106":7,"107":7,"108":7,"109":7,"110":3,"111":4,"112":4,"113":3,"114":3,"115":0,"116":0,"117":0,"118":3,"119":1,"120":1,"121":0,"122":0,"123":0,"124":1,"125":4,"126":2,"127":1},"f":{"0":1444,"1":2,"2":480,"3":11,"4":220,"5":3,"6":1,"7":9,"8":47,"9":39},"b":{"0":[960,484],"1":[484,0],"2":[484,0],"3":[484,484],"4":[0,2],"5":[0,480],"6":[480,480],"7":[165,55],"8":[11,0],"9":[0,3],"10":[339,21],"11":[3,336],"12":[0,3],"13":[0,1],"14":[115,5],"15":[1,114],"16":[0,1],"17":[1,8],"18":[9,9,8,8,8,8],"19":[1,7],"20":[0,7],"21":[7,0],"22":[3,4],"23":[3,0],"24":[3,0],"25":[3,0],"26":[2,1],"27":[3,0],"28":[3,0],"29":[4,0],"30":[4,0],"31":[4,0],"32":[3,1],"33":[0,3],"34":[3,3],"35":[3,0],"36":[0,1],"37":[1,1],"38":[1,0]},"_coverageSchema":"1a1c01bbd47fc00a2c39e90264f33305004495a9","hash":"64eaf34d852b92ee1946003d5c5ab63196f7da59"}
,"C:\\Users\\shaht\\OneDrive\\Desktop\\placements\\crickheros\\backend\\controllers\\pointsTableController.js": {"path":"C:\\Users\\shaht\\OneDrive\\Desktop\\placements\\crickheros\\backend\\controllers\\pointsTableController.js","statementMap":{"0":{"start":{"line":1,"column":25},"end":{"line":1,"column":57}},"1":{"start":{"line":4,"column":23},"end":{"line":14,"column":1}},"2":{"start":{"line":5,"column":2},"end":{"line":13,"column":3}},"3":{"start":{"line":6,"column":18},"end":{"line":6,"column":43}},"4":{"start":{"line":7,"column":4},"end":{"line":10,"column":6}},"5":{"start":{"line":12,"column":4},"end":{"line":12,"column":15}},"6":{"start":{"line":16,"column":0},"end":{"line":18,"column":1}}},"fnMap":{"0":{"name":"(anonymous_0)","decl":{"start":{"line":4,"column":23},"end":{"line":4,"column":24}},"loc":{"start":{"line":4,"column":43},"end":{"line":14,"column":1}},"line":4}},"branchMap":{},"s":{"0":1,"1":1,"2":2,"3":2,"4":2,"5":0,"6":1},"f":{"0":2},"b":{},"_coverageSchema":"1a1c01bbd47fc00a2c39e90264f33305004495a9","hash":"bcde7bb34169ffa3c96dc2a9cff0fd02871dda4c"}
,"C:\\Users\\shaht\\OneDrive\\Desktop\\placements\\crickheros\\backend\\middleware\\errorHandler.js": {"path":"C:\\Users\\shaht\\OneDrive\\Desktop\\placements\\crickheros\\backend\\middleware\\errorHandler.js","statementMap":{"0":{"start":{"line":2,"column":21},"end":{"line":32,"column":1}},"1":{"start":{"line":3,"column":2},"end":{"line":3,"column":30}},"2":{"start":{"line":6,"column":14},"end":{"line":6,"column":24}},"3":{"start":{"line":7,"column":2},"end":{"line":7,"column":29}},"4":{"start":{"line":10,"column":2},"end":{"line":13,"column":3}},"5":{"start":{"line":11,"column":20},"end":{"line":11,"column":40}},"6":{"start":{"line":12,"column":4},"end":{"line":12,"column":40}},"7":{"start":{"line":16,"column":2},"end":{"line":19,"column":3}},"8":{"start":{"line":17,"column":20},"end":{"line":17,"column":51}},"9":{"start":{"line":18,"column":4},"end":{"line":18,"column":40}},"10":{"start":{"line":22,"column":2},"end":{"line":25,"column":3}},"11":{"start":{"line":23,"column":20},"end":{"line":23,"column":80}},"12":{"start":{"line":23,"column":57},"end":{"line":23,"column":68}},"13":{"start":{"line":24,"column":4},"end":{"line":24,"column":40}},"14":{"start":{"line":27,"column":2},"end":{"line":31,"column":4}},"15":{"start":{"line":34,"column":0},"end":{"line":34,"column":29}}},"fnMap":{"0":{"name":"(anonymous_0)","decl":{"start":{"line":2,"column":21},"end":{"line":2,"column":22}},"loc":{"start":{"line":2,"column":46},"end":{"line":32,"column":1}},"line":2},"1":{"name":"(anonymous_1)","decl":{"start":{"line":23,"column":50},"end":{"line":23,"column":51}},"loc":{"start":{"line":23,"column":57},"end":{"line":23,"column":68}},"line":23}},"branchMap":{"0":{"loc":{"start":{"line":10,"column":2},"end":{"line":13,"column":3}},"type":"if","locations":[{"start":{"line":10,"column":2},"end":{"line":13,"column":3}},{"start":{},"end":{}}],"line":10},"1":{"loc":{"start":{"line":16,"column":2},"end":{"line":19,"column":3}},"type":"if","locations":[{"start":{"line":16,"column":2},"end":{"line":19,"column":3}},{"start":{},"end":{}}],"line":16},"2":{"loc":{"start":{"line":22,"column":2},"end":{"line":25,"column":3}},"type":"if","locations":[{"start":{"line":22,"column":2},"end":{"line":25,"column":3}},{"start":{},"end":{}}],"line":22},"3":{"loc":{"start":{"line":27,"column":13},"end":{"line":27,"column":36}},"type":"binary-expr","locations":[{"start":{"line":27,"column":13},"end":{"line":27,"column":29}},{"start":{"line":27,"column":33},"end":{"line":27,"column":36}}],"line":27},"4":{"loc":{"start":{"line":29,"column":13},"end":{"line":29,"column":44}},"type":"binary-expr","locations":[{"start":{"line":29,"column":13},"end":{"line":29,"column":26}},{"start":{"line":29,"column":30},"end":{"line":29,"column":44}}],"line":29},"5":{"loc":{"start":{"line":30,"column":8},"end":{"line":30,"column":70}},"type":"binary-expr","locations":[{"start":{"line":30,"column":8},"end":{"line":30,"column":46}},{"start":{"line":30,"column":50},"end":{"line":30,"column":70}}],"line":30}},"s":{"0":1,"1":2,"2":2,"3":2,"4":2,"5":0,"6":0,"7":2,"8":0,"9":0,"10":2,"11":0,"12":0,"13":0,"14":2,"15":1},"f":{"0":2,"1":0},"b":{"0":[0,2],"1":[0,2],"2":[0,2],"3":[2,0],"4":[2,0],"5":[2,0]},"_coverageSchema":"1a1c01bbd47fc00a2c39e90264f33305004495a9","hash":"98e77b9c5f93fc8a61770d261edeee5ac40ec2a6"}
,"C:\\Users\\shaht\\OneDrive\\Desktop\\placements\\crickheros\\backend\\models\\pointstable.js": {"path":"C:\\Users\\shaht\\OneDrive\\Desktop\\placements\\crickheros\\backend\\models\\pointstable.js","statementMap":{"0":{"start":{"line":2,"column":24},"end":{"line":133,"column":1}},"1":{"start":{"line":134,"column":15},"end":{"line":136,"column":1}},"2":{"start":{"line":135,"column":2},"end":{"line":135,"column":24}},"3":{"start":{"line":138,"column":18},"end":{"line":143,"column":1}},"4":{"start":{"line":140,"column":2},"end":{"line":140,"column":28}},"5":{"start":{"line":142,"column":2},"end":{"line":142,"column":35}},"6":{"start":{"line":145,"column":0},"end":{"line":148,"column":1}}},"fnMap":{"0":{"name":"(anonymous_0)","decl":{"start":{"line":134,"column":15},"end":{"line":134,"column":16}},"loc":{"start":{"line":134,"column":21},"end":{"line":136,"column":1}},"line":134},"1":{"name":"(anonymous_1)","decl":{"start":{"line":138,"column":18},"end":{"line":138,"column":19}},"loc":{"start":{"line":138,"column":32},"end":{"line":143,"column":1}},"line":138}},"branchMap":{},"s":{"0":2,"1":2,"2":10,"3":2,"4":0,"5":0,"6":2},"f":{"0":10,"1":0},"b":{},"_coverageSchema":"1a1c01bbd47fc00a2c39e90264f33305004495a9","hash":"caffc30840edf16b5682203d8863ca4bb28a9143"}
,"C:\\Users\\shaht\\OneDrive\\Desktop\\placements\\crickheros\\backend\\routes\\matchRoutes.js": {"path":"C:\\Users\\shaht\\OneDrive\\Desktop\\placements\\crickheros\\backend\\routes\\matchRoutes.js","statementMap":{"0":{"start":{"line":1,"column":16},"end":{"line":1,"column":34}},"1":{"start":{"line":2,"column":15},"end":{"line":2,"column":31}},"2":{"start":{"line":3,"column":34},"end":{"line":3,"column":75}},"3":{"start":{"line":6,"column":0},"end":{"line":6,"column":39}},"4":{"start":{"line":8,"column":0},"end":{"line":8,"column":23}}},"fnMap":{},"branchMap":{},"s":{"0":1,"1":1,"2":1,"3":1,"4":1},"f":{},"b":{},"_coverageSchema":"1a1c01bbd47fc00a2c39e90264f33305004495a9","hash":"f246b251240f497e918be46f7afd9c1b6be68ed2"}
,"C:\\Users\\shaht\\OneDrive\\Desktop\\placements\\crickheros\\backend\\routes\\pointsTableRoutes.js": {"path":"C:\\Users\\shaht\\OneDrive\\Desktop\\placements\\crickheros\\backend\\routes\\pointsTableRoutes.js","statementMap":{"0":{"start":{"line":1,"column":16},"end":{"line":1,"column":34}},"1":{"start":{"line":2,"column":15},"end":{"line":2,"column":31}},"2":{"start":{"line":3,"column":27},"end":{"line":3,"column":74}},"3":{"start":{"line":6,"column":0},"end":{"line":6,"column":31}},"4":{"start":{"line":8,"column":0},"end":{"line":8,"column":23}}},"fnMap":{},"branchMap":{},"s":{"0":1,"1":1,"2":1,"3":1,"4":1},"f":{},"b":{},"_coverageSchema":"1a1c01bbd47fc00a2c39e90264f33305004495a9","hash":"b840c13d4c6d419a92a20af9e580fe8168f76c3d"}
}
