TN:
SF:controllers\matchController.js
FN:4,(anonymous_0)
FN:16,(anonymous_1)
FN:26,(anonymous_2)
FN:40,(anonymous_3)
FN:41,(anonymous_4)
FN:49,(anonymous_5)
FN:124,(anonymous_6)
FN:200,(anonymous_7)
FN:215,(anonymous_8)
FN:216,(anonymous_9)
FNF:10
FNH:10
FNDA:1444,(anonymous_0)
FNDA:2,(anonymous_1)
FNDA:480,(anonymous_2)
FNDA:11,(anonymous_3)
FNDA:220,(anonymous_4)
FNDA:3,(anonymous_5)
FNDA:1,(anonymous_6)
FNDA:9,(anonymous_7)
FNDA:47,(anonymous_8)
FNDA:39,(anonymous_9)
DA:1,1
DA:4,1
DA:5,1444
DA:6,484
DA:7,484
DA:8,484
DA:9,484
DA:10,484
DA:12,0
DA:16,1
DA:17,2
DA:18,2
DA:19,2
DA:20,0
DA:22,2
DA:26,1
DA:27,480
DA:28,480
DA:30,480
DA:31,0
DA:34,480
DA:35,480
DA:36,480
DA:40,1
DA:41,11
DA:42,220
DA:43,55
DA:45,11
DA:49,1
DA:51,3
DA:52,3
DA:53,0
DA:60,3
DA:63,3
DA:64,3
DA:67,3
DA:68,3
DA:69,3
DA:70,3
DA:73,3
DA:74,360
DA:75,360
DA:77,360
DA:84,360
DA:85,339
DA:86,3
DA:87,3
DA:89,339
DA:90,339
DA:94,3
DA:96,0
DA:103,0
DA:113,3
DA:124,1
DA:126,1
DA:127,1
DA:128,0
DA:134,1
DA:137,1
DA:138,1
DA:139,1
DA:140,1
DA:143,1
DA:144,1
DA:145,1
DA:146,1
DA:149,1
DA:150,120
DA:151,120
DA:153,120
DA:160,120
DA:161,115
DA:162,1
DA:163,1
DA:165,115
DA:166,115
DA:170,1
DA:172,0
DA:179,0
DA:189,1
DA:200,1
DA:201,9
DA:202,9
DA:205,9
DA:206,1
DA:207,1
DA:208,1
DA:212,8
DA:215,47
DA:216,39
DA:218,8
DA:219,1
DA:220,1
DA:221,1
DA:224,7
DA:225,0
DA:226,0
DA:227,0
DA:231,7
DA:232,7
DA:235,7
DA:239,7
DA:240,7
DA:244,7
DA:245,3
DA:275,4
DA:291,4
DA:292,3
DA:300,3
DA:301,0
DA:302,0
DA:303,0
DA:306,3
DA:324,1
DA:332,1
DA:333,0
DA:334,0
DA:335,0
DA:338,1
DA:357,4
DA:364,2
DA:368,1
LF:122
LH:104
BRDA:5,0,0,960
BRDA:5,0,1,484
BRDA:6,1,0,484
BRDA:6,1,1,0
BRDA:8,2,0,484
BRDA:8,2,1,0
BRDA:9,3,0,484
BRDA:9,3,1,484
BRDA:19,4,0,0
BRDA:19,4,1,2
BRDA:30,5,0,0
BRDA:30,5,1,480
BRDA:30,6,0,480
BRDA:30,6,1,480
BRDA:42,7,0,165
BRDA:42,7,1,55
BRDA:45,8,0,11
BRDA:45,8,1,0
BRDA:52,9,0,0
BRDA:52,9,1,3
BRDA:84,10,0,339
BRDA:84,10,1,21
BRDA:85,11,0,3
BRDA:85,11,1,336
BRDA:94,12,0,0
BRDA:94,12,1,3
BRDA:127,13,0,0
BRDA:127,13,1,1
BRDA:160,14,0,115
BRDA:160,14,1,5
BRDA:161,15,0,1
BRDA:161,15,1,114
BRDA:170,16,0,0
BRDA:170,16,1,1
BRDA:205,17,0,1
BRDA:205,17,1,8
BRDA:205,18,0,9
BRDA:205,18,1,9
BRDA:205,18,2,8
BRDA:205,18,3,8
BRDA:205,18,4,8
BRDA:205,18,5,8
BRDA:218,19,0,1
BRDA:218,19,1,7
BRDA:224,20,0,0
BRDA:224,20,1,7
BRDA:240,21,0,7
BRDA:240,21,1,0
BRDA:244,22,0,3
BRDA:244,22,1,4
BRDA:255,23,0,3
BRDA:255,23,1,0
BRDA:256,24,0,3
BRDA:256,24,1,0
BRDA:257,25,0,3
BRDA:257,25,1,0
BRDA:261,26,0,2
BRDA:261,26,1,1
BRDA:263,27,0,3
BRDA:263,27,1,0
BRDA:264,28,0,3
BRDA:264,28,1,0
BRDA:284,29,0,4
BRDA:284,29,1,0
BRDA:285,30,0,4
BRDA:285,30,1,0
BRDA:286,31,0,4
BRDA:286,31,1,0
BRDA:291,32,0,3
BRDA:291,32,1,1
BRDA:300,33,0,0
BRDA:300,33,1,3
BRDA:318,34,0,3
BRDA:318,34,1,3
BRDA:319,35,0,3
BRDA:319,35,1,0
BRDA:332,36,0,0
BRDA:332,36,1,1
BRDA:350,37,0,1
BRDA:350,37,1,1
BRDA:351,38,0,1
BRDA:351,38,1,0
BRF:82
BRH:59
end_of_record
TN:
SF:controllers\pointsTableController.js
FN:4,(anonymous_0)
FNF:1
FNH:1
FNDA:2,(anonymous_0)
DA:1,1
DA:4,1
DA:5,2
DA:6,2
DA:7,2
DA:12,0
DA:16,1
LF:7
LH:6
BRF:0
BRH:0
end_of_record
TN:
SF:middleware\errorHandler.js
FN:2,(anonymous_0)
FN:23,(anonymous_1)
FNF:2
FNH:1
FNDA:2,(anonymous_0)
FNDA:0,(anonymous_1)
DA:2,1
DA:3,2
DA:6,2
DA:7,2
DA:10,2
DA:11,0
DA:12,0
DA:16,2
DA:17,0
DA:18,0
DA:22,2
DA:23,0
DA:24,0
DA:27,2
DA:34,1
LF:15
LH:9
BRDA:10,0,0,0
BRDA:10,0,1,2
BRDA:16,1,0,0
BRDA:16,1,1,2
BRDA:22,2,0,0
BRDA:22,2,1,2
BRDA:27,3,0,2
BRDA:27,3,1,0
BRDA:29,4,0,2
BRDA:29,4,1,0
BRDA:30,5,0,2
BRDA:30,5,1,0
BRF:12
BRH:6
end_of_record
TN:
SF:models\pointstable.js
FN:134,(anonymous_0)
FN:138,(anonymous_1)
FNF:2
FNH:1
FNDA:10,(anonymous_0)
FNDA:0,(anonymous_1)
DA:2,2
DA:134,2
DA:135,10
DA:138,2
DA:140,0
DA:142,0
DA:145,2
LF:7
LH:5
BRF:0
BRH:0
end_of_record
TN:
SF:routes\matchRoutes.js
FNF:0
FNH:0
DA:1,1
DA:2,1
DA:3,1
DA:6,1
DA:8,1
LF:5
LH:5
BRF:0
BRH:0
end_of_record
TN:
SF:routes\pointsTableRoutes.js
FNF:0
FNH:0
DA:1,1
DA:2,1
DA:3,1
DA:6,1
DA:8,1
LF:5
LH:5
BRF:0
BRH:0
end_of_record
